1638658113352:sign in privileged admin admin
1638658139857:sign in admin admin
1638658178362:sign out
1638658186030:sign in privileged admin admin
1638658206552:sign in privileged
1638658217220:sign in privileged admin admin
1638658252619:sign in privileged
1638658261141:sign in privileged admin admin
1638658290775:describe account
1638658316617:create movie
1638658335101:create movie teszt valami 200
1638658341573:list movies
1638658497786:sign out
1638658507117:sign in privileged amdin admin
1638659122447:sign in privileged admin admin
1638659127314:describe account
1638659148936:sign in privileged amdin admin
1638659174979:sign in privleged admin admin
1638659186832:sign in privileged admin admin
1638659190733:sign out
1638659463373:describe account
1638659505425:sign in privileged admin admin
1638659510653:describe account
1638659527726:sign in privileged admin admin
1638659542585:sign out
1638659546650:describe account
1638661129400:creta movie asd teszt 300
1638661169032:sign in privileged admin admin
1638661175922:create movie asd teszt 300
1638661348968:create movie 200 asd 321
1638661404741:sign in privileged admin admin
1638661411505:create movie 200 ads 300
1638661508273:sign in privileged admin admin
1638661514330:create movie 2000 200 0
1638661594418:create movie 200 200 200
1638661607747:sign in privileged admin admin
1638661614767:describe account
1638661655613:sign in admin admin
1638661659260:sign out
1638661663571:sing in admin admin
1638661669965:sign in admin admin
1638661678409:create movie admin admin admin
1638661686354:create movie admin 30 0
1638661803817:sign in admin admin
1638661811674:create movie 20 20 20
1638661868728:sign in admin admin
1638661875260:create movie 20 21 21
1638661900206:sign out
1638661906737:create movie 20 2 5
1638662060024:create movie 20 20 20
1638662195199:create movie admin admin 20
1638662385193:describe account
1638662830825:sign in admin admin
1638662835036:describe account
1638662837932:sign out
1638662842753:describe account
1638662851444:create movie 20 20 20
1638663006295:sign in amind admin
1638663010860:sign in admin admin
1638663019144:sign out
1638663028967:sing in admin admin
1638663035729:sign in admin admin
1638663041667:describe accounbt
1638663048395:describe account
1638663056625:sign in
1638663063216:sign out
1638663066357:describe out
1638663074304:describe account
1638664601770:create movie 20 20 20
1638664613313:sign in admin admin
1638664619901:create movie 20 20 20
1638664713448:sign in admin admin
1638664718881:create movie 20 20 20
1638664832138:sing in admin admin
1638664839552:sign in admin admin
1638664852691:create movie 20 20 20
1638664875090:list movies
1638664898318:update movie 20 admin 30
1638664903074:list movies
1638664909546:delete 20
1638664913565:delete movie 20
1638664917772:list movies
1638665001748:sign out
1638665006304:describe account
1638665017431:create movie admin vicc 20
1638666187140:create movie admin 20 20
1638666391557:create movie ads asd 20
1638666535610:create movie asd asd 20
1638666565834:create movie damin admin 20
1638666573217:sign in admin admin
1638666585697:create movie Sátántangó komédia 155
1638666589634:list movies
1638666618572:update movie Sátántangó vígjáték 145
1638666621918:list movie
1638666628520:list movies
1638666636604:sign out
1638666639587:list movies
1638666653684:delete movie Sátántangó
1638666659391:sign in admin admin
1638666668704:delete movie Sátántangó
1638666671900:list movie
1638666680933:list movies
1638666728039:sign in admin admin
1638666739604:create movie sátántangó vicc 300
1638666747341:create movie sátántangó asd 300
1638666764036:list movies
1638666959190:create movie valami valami 300
1638666966561:create movie asd asd 200
1638666968976:list movies
1638667249708:sign in admin admin
1638667255575:create admin admin 20
1638667263468:create movie asd asd 20
1638667269405:create movie asd asd 23
1638667345446:sign in admin admin
1638667351813:create movie asd asd 20
1638667620760:delete movie sátán
1638667625857:sign in admin admin
1638667630681:delete movie sátán
1638667829279:sign in admin admin
1638667841040:create movie sátán 20 20
1638667857482:delete movie sátáán
1638667864839:delete movie sátán
1638669762036:create room asd 13 13
1638669768223:sign in admin admin
1638669775775:create room asd 123 123
1638669831579:sign in admin admin
1638669837907:create room asd 123 123
1638669845620:list rooms
1638669853449:create room dsa 123 321
1638669856269:list rooms
1638669863217:delete room asd
1638669866723:list room
1638669870528:list rooms
1638670015453:sign in admin admin
1638670021148:create room asd 123 123
1638670026937:list rooms
1638670035070:update room asd 321 123
1638670038230:list rooms
1638670294444:sign in admin admin
1638670300071:create room asd 123 123
1638670329637:delete room asd
1638670337938:create movie asd asd 123
1638670342022:list rooms
1638670346256:list movies
1638670354575:describe account
1638670358643:sign out
1638671101414:sign in admin admin
1638671108057:create room asd 123 123
1638671111317:list rooms
1638671416615:sign in admin admin
1638671421473:create room asd 123 123
1638671423444:list room
1638671428029:list rooms
1638671692217:list movies
1638671701147:describe account
1638671709902:sign in admin admii
1638671714602:sign in admin admin
1638671723205:create movie sátán vicc 150
1638671740826:create movie vicces komédia 50
1638671744831:list movies
1638671763434:delet movies vicces
1638671769124:delete movies vicces
1638671776262:delete movie vicces
1638671784066:create room asd 123 123
1638671791071:create room dsa 321 321
1638671800350:update room dsa 213 213
1638671803246:list rooms
1638671809315:sign out
1638671814750:delete room sda
1638671821929:sign in admin admin
1638671829856:delete room dsa
1638671838792:list rooms
1638671845128:delete room asd
1638671848255:list movies
1638671853727:delete movie sátán
1638671856408:list movies
